  Final.cpp
c:\users\admon\documents\github\proyectofinalamc\proyectoamc\proyectoamc\include\shader_m.h(44): warning C4101: 'e': variable local sin referencia
c:\users\admon\documents\github\proyectofinalamc\proyectoamc\proyectoamc\include\modelanim.h(104): warning C4244: '=': conversión de 'double' a 'float'; posible pérdida de datos
c:\users\admon\documents\github\proyectofinalamc\proyectoamc\proyectoamc\include\modelanim.h(520): warning C4244: 'inicializando': conversión de 'double' a 'float'; posible pérdida de datos
c:\users\admon\documents\github\proyectofinalamc\proyectoamc\proyectoamc\final.cpp(520): warning C4244: '=': conversión de 'double' a 'float'; posible pérdida de datos
c:\users\admon\documents\github\proyectofinalamc\proyectoamc\proyectoamc\final.cpp(521): warning C4244: '=': conversión de 'double' a 'float'; posible pérdida de datos
c:\users\admon\documents\github\proyectofinalamc\proyectoamc\proyectoamc\final.cpp(525): warning C4244: 'inicializando': conversión de 'double' a 'float'; posible pérdida de datos
c:\users\admon\documents\github\proyectofinalamc\proyectoamc\proyectoamc\final.cpp(526): warning C4244: 'inicializando': conversión de 'double' a 'float'; posible pérdida de datos
c:\users\admon\documents\github\proyectofinalamc\proyectoamc\proyectoamc\final.cpp(528): warning C4244: '=': conversión de 'double' a 'float'; posible pérdida de datos
c:\users\admon\documents\github\proyectofinalamc\proyectoamc\proyectoamc\final.cpp(529): warning C4244: '=': conversión de 'double' a 'float'; posible pérdida de datos
c:\users\admon\documents\github\proyectofinalamc\proyectoamc\proyectoamc\final.cpp(537): warning C4244: 'argumento': conversión de 'double' a 'float'; posible pérdida de datos
glfw3.lib(context.obj) : warning LNK4099: no se encontr¾ PDB 'glfw.pdb' con 'glfw3.lib(context.obj)' o en 'C:\Users\Admon\Documents\GitHub\ProyectoFinalAMC\ProyectoAMC\Debug\glfw.pdb'; se vincularß el objeto sin tener en cuenta informaci¾n de depuraci¾n
glfw3.lib(init.obj) : warning LNK4099: no se encontr¾ PDB 'glfw.pdb' con 'glfw3.lib(init.obj)' o en 'C:\Users\Admon\Documents\GitHub\ProyectoFinalAMC\ProyectoAMC\Debug\glfw.pdb'; se vincularß el objeto sin tener en cuenta informaci¾n de depuraci¾n
glfw3.lib(input.obj) : warning LNK4099: no se encontr¾ PDB 'glfw.pdb' con 'glfw3.lib(input.obj)' o en 'C:\Users\Admon\Documents\GitHub\ProyectoFinalAMC\ProyectoAMC\Debug\glfw.pdb'; se vincularß el objeto sin tener en cuenta informaci¾n de depuraci¾n
glfw3.lib(monitor.obj) : warning LNK4099: no se encontr¾ PDB 'glfw.pdb' con 'glfw3.lib(monitor.obj)' o en 'C:\Users\Admon\Documents\GitHub\ProyectoFinalAMC\ProyectoAMC\Debug\glfw.pdb'; se vincularß el objeto sin tener en cuenta informaci¾n de depuraci¾n
glfw3.lib(vulkan.obj) : warning LNK4099: no se encontr¾ PDB 'glfw.pdb' con 'glfw3.lib(vulkan.obj)' o en 'C:\Users\Admon\Documents\GitHub\ProyectoFinalAMC\ProyectoAMC\Debug\glfw.pdb'; se vincularß el objeto sin tener en cuenta informaci¾n de depuraci¾n
glfw3.lib(window.obj) : warning LNK4099: no se encontr¾ PDB 'glfw.pdb' con 'glfw3.lib(window.obj)' o en 'C:\Users\Admon\Documents\GitHub\ProyectoFinalAMC\ProyectoAMC\Debug\glfw.pdb'; se vincularß el objeto sin tener en cuenta informaci¾n de depuraci¾n
glfw3.lib(win32_init.obj) : warning LNK4099: no se encontr¾ PDB 'glfw.pdb' con 'glfw3.lib(win32_init.obj)' o en 'C:\Users\Admon\Documents\GitHub\ProyectoFinalAMC\ProyectoAMC\Debug\glfw.pdb'; se vincularß el objeto sin tener en cuenta informaci¾n de depuraci¾n
glfw3.lib(win32_joystick.obj) : warning LNK4099: no se encontr¾ PDB 'glfw.pdb' con 'glfw3.lib(win32_joystick.obj)' o en 'C:\Users\Admon\Documents\GitHub\ProyectoFinalAMC\ProyectoAMC\Debug\glfw.pdb'; se vincularß el objeto sin tener en cuenta informaci¾n de depuraci¾n
glfw3.lib(win32_monitor.obj) : warning LNK4099: no se encontr¾ PDB 'glfw.pdb' con 'glfw3.lib(win32_monitor.obj)' o en 'C:\Users\Admon\Documents\GitHub\ProyectoFinalAMC\ProyectoAMC\Debug\glfw.pdb'; se vincularß el objeto sin tener en cuenta informaci¾n de depuraci¾n
glfw3.lib(win32_time.obj) : warning LNK4099: no se encontr¾ PDB 'glfw.pdb' con 'glfw3.lib(win32_time.obj)' o en 'C:\Users\Admon\Documents\GitHub\ProyectoFinalAMC\ProyectoAMC\Debug\glfw.pdb'; se vincularß el objeto sin tener en cuenta informaci¾n de depuraci¾n
glfw3.lib(win32_thread.obj) : warning LNK4099: no se encontr¾ PDB 'glfw.pdb' con 'glfw3.lib(win32_thread.obj)' o en 'C:\Users\Admon\Documents\GitHub\ProyectoFinalAMC\ProyectoAMC\Debug\glfw.pdb'; se vincularß el objeto sin tener en cuenta informaci¾n de depuraci¾n
glfw3.lib(win32_window.obj) : warning LNK4099: no se encontr¾ PDB 'glfw.pdb' con 'glfw3.lib(win32_window.obj)' o en 'C:\Users\Admon\Documents\GitHub\ProyectoFinalAMC\ProyectoAMC\Debug\glfw.pdb'; se vincularß el objeto sin tener en cuenta informaci¾n de depuraci¾n
glfw3.lib(wgl_context.obj) : warning LNK4099: no se encontr¾ PDB 'glfw.pdb' con 'glfw3.lib(wgl_context.obj)' o en 'C:\Users\Admon\Documents\GitHub\ProyectoFinalAMC\ProyectoAMC\Debug\glfw.pdb'; se vincularß el objeto sin tener en cuenta informaci¾n de depuraci¾n
glfw3.lib(egl_context.obj) : warning LNK4099: no se encontr¾ PDB 'glfw.pdb' con 'glfw3.lib(egl_context.obj)' o en 'C:\Users\Admon\Documents\GitHub\ProyectoFinalAMC\ProyectoAMC\Debug\glfw.pdb'; se vincularß el objeto sin tener en cuenta informaci¾n de depuraci¾n
glfw3.lib(osmesa_context.obj) : warning LNK4099: no se encontr¾ PDB 'glfw.pdb' con 'glfw3.lib(osmesa_context.obj)' o en 'C:\Users\Admon\Documents\GitHub\ProyectoFinalAMC\ProyectoAMC\Debug\glfw.pdb'; se vincularß el objeto sin tener en cuenta informaci¾n de depuraci¾n
  ProyectoAMC.vcxproj -> C:\Users\Admon\Documents\GitHub\ProyectoFinalAMC\ProyectoAMC\Debug\ProyectoAMC.exe
